=== Starting deployment at Mon May 26 12:45:17 CEST 2025 ===
[2025-05-26 12:45:17] Setting up Python environment...
[2025-05-26 12:45:20] ✓ Virtual environment created
[2025-05-26 12:45:20] Installing dependencies...
Requirement already satisfied: pip in ./venv/lib/python3.11/site-packages (25.1.1)
Collecting Flask==2.0.1 (from -r requirements.txt (line 1))
  Downloading Flask-2.0.1-py3-none-any.whl.metadata (3.8 kB)
Requirement already satisfied: Flask-SQLAlchemy==2.5.1 in ./venv/lib/python3.11/site-packages (from -r requirements.txt (line 2)) (2.5.1)
Requirement already satisfied: Flask-Login==0.5.0 in ./venv/lib/python3.11/site-packages (from -r requirements.txt (line 3)) (0.5.0)
Requirement already satisfied: Flask-Cors==3.0.10 in ./venv/lib/python3.11/site-packages (from -r requirements.txt (line 4)) (3.0.10)
Collecting SQLAlchemy==1.4.23 (from -r requirements.txt (line 5))
  Downloading SQLAlchemy-1.4.23.tar.gz (7.7 MB)
     ━━━━━━━━━━━━━━━━━━━━━━━━━━━━━━━━━━━━━━━━ 7.7/7.7 MB 3.3 MB/s eta 0:00:00
  Installing build dependencies: started
  Installing build dependencies: finished with status 'done'
  Getting requirements to build wheel: started
  Getting requirements to build wheel: finished with status 'done'
  Preparing metadata (pyproject.toml): started
  Preparing metadata (pyproject.toml): finished with status 'done'
Collecting Werkzeug==2.0.1 (from -r requirements.txt (line 6))
  Downloading Werkzeug-2.0.1-py3-none-any.whl.metadata (4.4 kB)
Requirement already satisfied: geopy==2.2.0 in ./venv/lib/python3.11/site-packages (from -r requirements.txt (line 7)) (2.2.0)
Collecting python-dotenv==0.19.0 (from -r requirements.txt (line 8))
  Downloading python_dotenv-0.19.0-py2.py3-none-any.whl.metadata (18 kB)
Collecting mysqlclient==2.0.3 (from -r requirements.txt (line 9))
  Downloading mysqlclient-2.0.3.tar.gz (88 kB)
  Installing build dependencies: started
  Installing build dependencies: finished with status 'done'
  Getting requirements to build wheel: started
  Getting requirements to build wheel: finished with status 'done'
  Preparing metadata (pyproject.toml): started
  Preparing metadata (pyproject.toml): finished with status 'done'
Requirement already satisfied: Jinja2>=3.0 in ./venv/lib/python3.11/site-packages (from Flask==2.0.1->-r requirements.txt (line 1)) (3.1.6)
Requirement already satisfied: itsdangerous>=2.0 in ./venv/lib/python3.11/site-packages (from Flask==2.0.1->-r requirements.txt (line 1)) (2.2.0)
Requirement already satisfied: click>=7.1.2 in ./venv/lib/python3.11/site-packages (from Flask==2.0.1->-r requirements.txt (line 1)) (8.2.1)
Requirement already satisfied: Six in ./venv/lib/python3.11/site-packages (from Flask-Cors==3.0.10->-r requirements.txt (line 4)) (1.17.0)
Requirement already satisfied: greenlet!=0.4.17 in ./venv/lib/python3.11/site-packages (from SQLAlchemy==1.4.23->-r requirements.txt (line 5)) (3.2.2)
Requirement already satisfied: geographiclib<2,>=1.49 in ./venv/lib/python3.11/site-packages (from geopy==2.2.0->-r requirements.txt (line 7)) (1.52)
Requirement already satisfied: MarkupSafe>=2.0 in ./venv/lib/python3.11/site-packages (from Jinja2>=3.0->Flask==2.0.1->-r requirements.txt (line 1)) (3.0.2)
Downloading Flask-2.0.1-py3-none-any.whl (94 kB)
Downloading Werkzeug-2.0.1-py3-none-any.whl (288 kB)
Downloading python_dotenv-0.19.0-py2.py3-none-any.whl (17 kB)
Building wheels for collected packages: SQLAlchemy, mysqlclient
  Building wheel for SQLAlchemy (pyproject.toml): started
  Building wheel for SQLAlchemy (pyproject.toml): finished with status 'done'
  Created wheel for SQLAlchemy: filename=sqlalchemy-1.4.23-cp311-cp311-macosx_14_0_x86_64.whl size=1494380 sha256=fb75e7344a5d89c8dcbe68dc9ebba72c3581c6adc4671b8b7c0e7ec16f30a9bb
  Stored in directory: /Users/oooo/Library/Caches/pip/wheels/ba/7b/d8/8146b02e234a4a9e5e892dd5a040d19d203dd65a8693b2d207
  Building wheel for mysqlclient (pyproject.toml): started
  Building wheel for mysqlclient (pyproject.toml): finished with status 'error'
  error: subprocess-exited-with-error
  
  × Building wheel for mysqlclient (pyproject.toml) did not run successfully.
  │ exit code: 1
  ╰─> [54 lines of output]
      /private/var/folders/7s/lvtgmz4s5nnb691lnh49jvmr0000gn/T/pip-build-env-l1y9j_ep/overlay/lib/python3.11/site-packages/setuptools/dist.py:759: SetuptoolsDeprecationWarning: License classifiers are deprecated.
      !!
      
              ********************************************************************************
              Please consider removing the following classifiers in favor of a SPDX license expression:
      
              License :: OSI Approved :: GNU General Public License (GPL)
      
              See https://packaging.python.org/en/latest/guides/writing-pyproject-toml/#license for details.
              ********************************************************************************
      
      !!
        self._finalize_license_expression()
      mysql_config --version
      ['9.3.0']
      mysql_config --libs
      ['-L@@HOMEBREW_CELLAR@@/mysql/9.3.0/lib', '-lmysqlclient', '-lz', '-lzstd', '-lssl', '-lcrypto', '-lresolv']
      mysql_config --cflags
      ['-I@@HOMEBREW_CELLAR@@/mysql/9.3.0/include/mysql']
      ext_options:
        library_dirs: ['@@HOMEBREW_CELLAR@@/mysql/9.3.0/lib']
        libraries: ['mysqlclient', 'zstd', 'resolv']
        extra_compile_args: ['-std=c99']
        extra_link_args: []
        include_dirs: ['@@HOMEBREW_CELLAR@@/mysql/9.3.0/include/mysql']
        extra_objects: []
        define_macros: [('version_info', "(2,0,3,'final',0)"), ('__version__', '2.0.3')]
      running bdist_wheel
      running build
      running build_py
      creating build/lib.macosx-14.0-x86_64-cpython-311/MySQLdb
      copying MySQLdb/__init__.py -> build/lib.macosx-14.0-x86_64-cpython-311/MySQLdb
      copying MySQLdb/_exceptions.py -> build/lib.macosx-14.0-x86_64-cpython-311/MySQLdb
      copying MySQLdb/connections.py -> build/lib.macosx-14.0-x86_64-cpython-311/MySQLdb
      copying MySQLdb/converters.py -> build/lib.macosx-14.0-x86_64-cpython-311/MySQLdb
      copying MySQLdb/cursors.py -> build/lib.macosx-14.0-x86_64-cpython-311/MySQLdb
      copying MySQLdb/release.py -> build/lib.macosx-14.0-x86_64-cpython-311/MySQLdb
      copying MySQLdb/times.py -> build/lib.macosx-14.0-x86_64-cpython-311/MySQLdb
      creating build/lib.macosx-14.0-x86_64-cpython-311/MySQLdb/constants
      copying MySQLdb/constants/__init__.py -> build/lib.macosx-14.0-x86_64-cpython-311/MySQLdb/constants
      copying MySQLdb/constants/CLIENT.py -> build/lib.macosx-14.0-x86_64-cpython-311/MySQLdb/constants
      copying MySQLdb/constants/CR.py -> build/lib.macosx-14.0-x86_64-cpython-311/MySQLdb/constants
      copying MySQLdb/constants/ER.py -> build/lib.macosx-14.0-x86_64-cpython-311/MySQLdb/constants
      copying MySQLdb/constants/FIELD_TYPE.py -> build/lib.macosx-14.0-x86_64-cpython-311/MySQLdb/constants
      copying MySQLdb/constants/FLAG.py -> build/lib.macosx-14.0-x86_64-cpython-311/MySQLdb/constants
      running build_ext
      building 'MySQLdb._mysql' extension
      creating build/temp.macosx-14.0-x86_64-cpython-311/MySQLdb
      clang -Wsign-compare -Wunreachable-code -fno-common -dynamic -DNDEBUG -g -fwrapv -O3 -Wall -isysroot /Library/Developer/CommandLineTools/SDKs/MacOSX14.sdk -Dversion_info=(2,0,3,'final',0) -D__version__=2.0.3 -I@@HOMEBREW_CELLAR@@/mysql/9.3.0/include/mysql -I/Users/oooo/coding/mapcontacts/venv/include -I/usr/local/opt/python@3.11/Frameworks/Python.framework/Versions/3.11/include/python3.11 -c MySQLdb/_mysql.c -o build/temp.macosx-14.0-x86_64-cpython-311/MySQLdb/_mysql.o -std=c99
      MySQLdb/_mysql.c:29:10: fatal error: 'mysql.h' file not found
         29 | #include "mysql.h"
            |          ^~~~~~~~~
      1 error generated.
      error: command '/usr/bin/clang' failed with exit code 1
      [end of output]
  
  note: This error originates from a subprocess, and is likely not a problem with pip.
  ERROR: Failed building wheel for mysqlclient
Successfully built SQLAlchemy
Failed to build mysqlclient
ERROR: Failed to build installable wheels for some pyproject.toml based projects (mysqlclient)
=== Starting deployment at Mon May 26 12:46:32 CEST 2025 ===
[2025-05-26 12:46:32] Setting up Python environment...
[2025-05-26 12:46:35] ✓ Virtual environment created
[2025-05-26 12:46:35] Installing dependencies...
Requirement already satisfied: pip in ./venv/lib/python3.11/site-packages (25.1.1)
Collecting Flask==2.0.1 (from -r requirements.txt (line 1))
  Using cached Flask-2.0.1-py3-none-any.whl.metadata (3.8 kB)
Requirement already satisfied: Flask-SQLAlchemy==2.5.1 in ./venv/lib/python3.11/site-packages (from -r requirements.txt (line 2)) (2.5.1)
Requirement already satisfied: Flask-Login==0.5.0 in ./venv/lib/python3.11/site-packages (from -r requirements.txt (line 3)) (0.5.0)
Requirement already satisfied: Flask-Cors==3.0.10 in ./venv/lib/python3.11/site-packages (from -r requirements.txt (line 4)) (3.0.10)
Collecting SQLAlchemy==1.4.23 (from -r requirements.txt (line 5))
  Using cached sqlalchemy-1.4.23-cp311-cp311-macosx_14_0_x86_64.whl
Collecting Werkzeug==2.0.1 (from -r requirements.txt (line 6))
  Using cached Werkzeug-2.0.1-py3-none-any.whl.metadata (4.4 kB)
Requirement already satisfied: geopy==2.2.0 in ./venv/lib/python3.11/site-packages (from -r requirements.txt (line 7)) (2.2.0)
Collecting python-dotenv==0.19.0 (from -r requirements.txt (line 8))
  Using cached python_dotenv-0.19.0-py2.py3-none-any.whl.metadata (18 kB)
Collecting mysqlclient==2.0.3 (from -r requirements.txt (line 9))
  Using cached mysqlclient-2.0.3.tar.gz (88 kB)
  Installing build dependencies: started
  Installing build dependencies: finished with status 'done'
  Getting requirements to build wheel: started
  Getting requirements to build wheel: finished with status 'done'
  Preparing metadata (pyproject.toml): started
  Preparing metadata (pyproject.toml): finished with status 'done'
Requirement already satisfied: Jinja2>=3.0 in ./venv/lib/python3.11/site-packages (from Flask==2.0.1->-r requirements.txt (line 1)) (3.1.6)
Requirement already satisfied: itsdangerous>=2.0 in ./venv/lib/python3.11/site-packages (from Flask==2.0.1->-r requirements.txt (line 1)) (2.2.0)
Requirement already satisfied: click>=7.1.2 in ./venv/lib/python3.11/site-packages (from Flask==2.0.1->-r requirements.txt (line 1)) (8.2.1)
Requirement already satisfied: Six in ./venv/lib/python3.11/site-packages (from Flask-Cors==3.0.10->-r requirements.txt (line 4)) (1.17.0)
Requirement already satisfied: greenlet!=0.4.17 in ./venv/lib/python3.11/site-packages (from SQLAlchemy==1.4.23->-r requirements.txt (line 5)) (3.2.2)
Requirement already satisfied: geographiclib<2,>=1.49 in ./venv/lib/python3.11/site-packages (from geopy==2.2.0->-r requirements.txt (line 7)) (1.52)
Requirement already satisfied: MarkupSafe>=2.0 in ./venv/lib/python3.11/site-packages (from Jinja2>=3.0->Flask==2.0.1->-r requirements.txt (line 1)) (3.0.2)
Using cached Flask-2.0.1-py3-none-any.whl (94 kB)
Using cached Werkzeug-2.0.1-py3-none-any.whl (288 kB)
Using cached python_dotenv-0.19.0-py2.py3-none-any.whl (17 kB)
Building wheels for collected packages: mysqlclient
  Building wheel for mysqlclient (pyproject.toml): started
  Building wheel for mysqlclient (pyproject.toml): finished with status 'error'
  error: subprocess-exited-with-error
  
  × Building wheel for mysqlclient (pyproject.toml) did not run successfully.
  │ exit code: 1
  ╰─> [54 lines of output]
      /private/var/folders/7s/lvtgmz4s5nnb691lnh49jvmr0000gn/T/pip-build-env-272sy2zf/overlay/lib/python3.11/site-packages/setuptools/dist.py:759: SetuptoolsDeprecationWarning: License classifiers are deprecated.
      !!
      
              ********************************************************************************
              Please consider removing the following classifiers in favor of a SPDX license expression:
      
              License :: OSI Approved :: GNU General Public License (GPL)
      
              See https://packaging.python.org/en/latest/guides/writing-pyproject-toml/#license for details.
              ********************************************************************************
      
      !!
        self._finalize_license_expression()
      mysql_config --version
      ['9.3.0']
      mysql_config --libs
      ['-L@@HOMEBREW_CELLAR@@/mysql/9.3.0/lib', '-lmysqlclient', '-lz', '-lzstd', '-lssl', '-lcrypto', '-lresolv']
      mysql_config --cflags
      ['-I@@HOMEBREW_CELLAR@@/mysql/9.3.0/include/mysql']
      ext_options:
        library_dirs: ['@@HOMEBREW_CELLAR@@/mysql/9.3.0/lib']
        libraries: ['mysqlclient', 'zstd', 'resolv']
        extra_compile_args: ['-std=c99']
        extra_link_args: []
        include_dirs: ['@@HOMEBREW_CELLAR@@/mysql/9.3.0/include/mysql']
        extra_objects: []
        define_macros: [('version_info', "(2,0,3,'final',0)"), ('__version__', '2.0.3')]
      running bdist_wheel
      running build
      running build_py
      creating build/lib.macosx-14.0-x86_64-cpython-311/MySQLdb
      copying MySQLdb/__init__.py -> build/lib.macosx-14.0-x86_64-cpython-311/MySQLdb
      copying MySQLdb/_exceptions.py -> build/lib.macosx-14.0-x86_64-cpython-311/MySQLdb
      copying MySQLdb/connections.py -> build/lib.macosx-14.0-x86_64-cpython-311/MySQLdb
      copying MySQLdb/converters.py -> build/lib.macosx-14.0-x86_64-cpython-311/MySQLdb
      copying MySQLdb/cursors.py -> build/lib.macosx-14.0-x86_64-cpython-311/MySQLdb
      copying MySQLdb/release.py -> build/lib.macosx-14.0-x86_64-cpython-311/MySQLdb
      copying MySQLdb/times.py -> build/lib.macosx-14.0-x86_64-cpython-311/MySQLdb
      creating build/lib.macosx-14.0-x86_64-cpython-311/MySQLdb/constants
      copying MySQLdb/constants/__init__.py -> build/lib.macosx-14.0-x86_64-cpython-311/MySQLdb/constants
      copying MySQLdb/constants/CLIENT.py -> build/lib.macosx-14.0-x86_64-cpython-311/MySQLdb/constants
      copying MySQLdb/constants/CR.py -> build/lib.macosx-14.0-x86_64-cpython-311/MySQLdb/constants
      copying MySQLdb/constants/ER.py -> build/lib.macosx-14.0-x86_64-cpython-311/MySQLdb/constants
      copying MySQLdb/constants/FIELD_TYPE.py -> build/lib.macosx-14.0-x86_64-cpython-311/MySQLdb/constants
      copying MySQLdb/constants/FLAG.py -> build/lib.macosx-14.0-x86_64-cpython-311/MySQLdb/constants
      running build_ext
      building 'MySQLdb._mysql' extension
      creating build/temp.macosx-14.0-x86_64-cpython-311/MySQLdb
      clang -Wsign-compare -Wunreachable-code -fno-common -dynamic -DNDEBUG -g -fwrapv -O3 -Wall -isysroot /Library/Developer/CommandLineTools/SDKs/MacOSX14.sdk -I/usr/local/opt/mysql-client/include -Dversion_info=(2,0,3,'final',0) -D__version__=2.0.3 -I@@HOMEBREW_CELLAR@@/mysql/9.3.0/include/mysql -I/Users/oooo/coding/mapcontacts/venv/include -I/usr/local/opt/python@3.11/Frameworks/Python.framework/Versions/3.11/include/python3.11 -c MySQLdb/_mysql.c -o build/temp.macosx-14.0-x86_64-cpython-311/MySQLdb/_mysql.o -std=c99
      MySQLdb/_mysql.c:29:10: fatal error: 'mysql.h' file not found
         29 | #include "mysql.h"
            |          ^~~~~~~~~
      1 error generated.
      error: command '/usr/bin/clang' failed with exit code 1
      [end of output]
  
  note: This error originates from a subprocess, and is likely not a problem with pip.
  ERROR: Failed building wheel for mysqlclient
Failed to build mysqlclient
ERROR: Failed to build installable wheels for some pyproject.toml based projects (mysqlclient)
=== Starting deployment at Mon May 26 12:46:56 CEST 2025 ===
[2025-05-26 12:46:56] Setting up Python environment...
[2025-05-26 12:46:59] ✓ Virtual environment created
[2025-05-26 12:46:59] Installing dependencies...
Requirement already satisfied: pip in ./venv/lib/python3.11/site-packages (25.1.1)
Collecting Flask==2.0.1 (from -r requirements.txt (line 1))
  Using cached Flask-2.0.1-py3-none-any.whl.metadata (3.8 kB)
Requirement already satisfied: Flask-SQLAlchemy==2.5.1 in ./venv/lib/python3.11/site-packages (from -r requirements.txt (line 2)) (2.5.1)
Requirement already satisfied: Flask-Login==0.5.0 in ./venv/lib/python3.11/site-packages (from -r requirements.txt (line 3)) (0.5.0)
Requirement already satisfied: Flask-Cors==3.0.10 in ./venv/lib/python3.11/site-packages (from -r requirements.txt (line 4)) (3.0.10)
Collecting SQLAlchemy==1.4.23 (from -r requirements.txt (line 5))
  Using cached sqlalchemy-1.4.23-cp311-cp311-macosx_14_0_x86_64.whl
Collecting Werkzeug==2.0.1 (from -r requirements.txt (line 6))
  Using cached Werkzeug-2.0.1-py3-none-any.whl.metadata (4.4 kB)
Requirement already satisfied: geopy==2.2.0 in ./venv/lib/python3.11/site-packages (from -r requirements.txt (line 7)) (2.2.0)
Collecting python-dotenv==0.19.0 (from -r requirements.txt (line 8))
  Using cached python_dotenv-0.19.0-py2.py3-none-any.whl.metadata (18 kB)
Requirement already satisfied: Jinja2>=3.0 in ./venv/lib/python3.11/site-packages (from Flask==2.0.1->-r requirements.txt (line 1)) (3.1.6)
Requirement already satisfied: itsdangerous>=2.0 in ./venv/lib/python3.11/site-packages (from Flask==2.0.1->-r requirements.txt (line 1)) (2.2.0)
Requirement already satisfied: click>=7.1.2 in ./venv/lib/python3.11/site-packages (from Flask==2.0.1->-r requirements.txt (line 1)) (8.2.1)
Requirement already satisfied: Six in ./venv/lib/python3.11/site-packages (from Flask-Cors==3.0.10->-r requirements.txt (line 4)) (1.17.0)
Requirement already satisfied: greenlet!=0.4.17 in ./venv/lib/python3.11/site-packages (from SQLAlchemy==1.4.23->-r requirements.txt (line 5)) (3.2.2)
Requirement already satisfied: geographiclib<2,>=1.49 in ./venv/lib/python3.11/site-packages (from geopy==2.2.0->-r requirements.txt (line 7)) (1.52)
Requirement already satisfied: MarkupSafe>=2.0 in ./venv/lib/python3.11/site-packages (from Jinja2>=3.0->Flask==2.0.1->-r requirements.txt (line 1)) (3.0.2)
Using cached Flask-2.0.1-py3-none-any.whl (94 kB)
Using cached Werkzeug-2.0.1-py3-none-any.whl (288 kB)
Using cached python_dotenv-0.19.0-py2.py3-none-any.whl (17 kB)
Installing collected packages: Werkzeug, SQLAlchemy, python-dotenv, Flask
  Attempting uninstall: Werkzeug
    Found existing installation: Werkzeug 2.0.3
    Uninstalling Werkzeug-2.0.3:
      Successfully uninstalled Werkzeug-2.0.3
  Attempting uninstall: SQLAlchemy
    Found existing installation: SQLAlchemy 2.0.41
    Uninstalling SQLAlchemy-2.0.41:
      Successfully uninstalled SQLAlchemy-2.0.41
  Attempting uninstall: python-dotenv
    Found existing installation: python-dotenv 0.20.0
    Uninstalling python-dotenv-0.20.0:
      Successfully uninstalled python-dotenv-0.20.0
  Attempting uninstall: Flask
    Found existing installation: Flask 2.0.3
    Uninstalling Flask-2.0.3:
      Successfully uninstalled Flask-2.0.3

Successfully installed Flask-2.0.1 SQLAlchemy-1.4.23 Werkzeug-2.0.1 python-dotenv-0.19.0
[2025-05-26 12:47:04] ✓ Dependencies installed
[2025-05-26 12:47:04] Creating required directories...
[2025-05-26 12:47:04] ✓ Directories created
[2025-05-26 12:47:04] Setting up database...
INFO:app:Using development database: /Users/oooo/coding/mapcontacts/instance/contacts.db
INFO:app:Database connection configured successfully
INFO:app:Admin user already exists
Updated 0 contacts to contact_type='Other' where not in allowed types or NULL.
[2025-05-26 12:47:05] ✓ Database setup completed
[2025-05-26 12:47:05] Testing application...
INFO:app:Using development database: /Users/oooo/coding/mapcontacts/instance/contacts.db
INFO:app:Database connection configured successfully
INFO:app:Admin user already exists
Application loaded successfully
[2025-05-26 12:47:06] ✓ Application test passed
[2025-05-26 12:47:06] Setting permissions...
[2025-05-26 12:47:06] ✓ Permissions set
=== Deployment completed successfully at Mon May 26 12:47:06 CEST 2025 ===
Please check deploy.log for detailed logs
